0 info it worked if it ends with ok
1 verbose cli [ '/home/zeikko/.nvm/versions/node/v0.12.4/bin/node',
1 verbose cli   '/home/zeikko/.nvm/versions/node/v0.12.4/bin/npm',
1 verbose cli   'run',
1 verbose cli   'lint' ]
2 info using npm@2.10.1
3 info using node@v0.12.4
4 verbose run-script [ 'prelint', 'lint', 'postlint' ]
5 info prelint topic-page@1.0.0
6 info lint topic-page@1.0.0
7 verbose unsafe-perm in lifecycle true
8 info topic-page@1.0.0 Failed to exec lint script
9 verbose stack Error: topic-page@1.0.0 lint: `./node_modules/eslint/bin/eslint.js src`
9 verbose stack Exit status 1
9 verbose stack     at EventEmitter.<anonymous> (/home/zeikko/.nvm/versions/node/v0.12.4/lib/node_modules/npm/lib/utils/lifecycle.js:213:16)
9 verbose stack     at EventEmitter.emit (events.js:110:17)
9 verbose stack     at ChildProcess.<anonymous> (/home/zeikko/.nvm/versions/node/v0.12.4/lib/node_modules/npm/lib/utils/spawn.js:24:14)
9 verbose stack     at ChildProcess.emit (events.js:110:17)
9 verbose stack     at maybeClose (child_process.js:1015:16)
9 verbose stack     at Process.ChildProcess._handle.onexit (child_process.js:1087:5)
10 verbose pkgid topic-page@1.0.0
11 verbose cwd /home/zeikko/Documents/Projects/topic-page
12 error Linux 3.16.0-48-generic
13 error argv "/home/zeikko/.nvm/versions/node/v0.12.4/bin/node" "/home/zeikko/.nvm/versions/node/v0.12.4/bin/npm" "run" "lint"
14 error node v0.12.4
15 error npm  v2.10.1
16 error code ELIFECYCLE
17 error topic-page@1.0.0 lint: `./node_modules/eslint/bin/eslint.js src`
17 error Exit status 1
18 error Failed at the topic-page@1.0.0 lint script './node_modules/eslint/bin/eslint.js src'.
18 error This is most likely a problem with the topic-page package,
18 error not with npm itself.
18 error Tell the author that this fails on your system:
18 error     ./node_modules/eslint/bin/eslint.js src
18 error You can get their info via:
18 error     npm owner ls topic-page
18 error There is likely additional logging output above.
19 verbose exit [ 1, true ]
